06:57:43.223 RLS_1 Обнаружена цель Бал.блок ID: 8cb586b (X: 9969750 Y: 4332125), скорость: 17221.16430
06:57:43.819 SPRO_1 Обнаружена цель Бал.блок ID: e70e6bb (X: 2009000 Y: 1900370), скорость: 9617.63385
06:57:44.447 RLS_1 Обнаружена цель Бал.блок ID: 5efa3ab (X: 6109482 Y: 7420462), скорость: 16267.73715
06:57:44.486 SPRO_1 Выстрел по цели ID: 'e70e6bb'
06:57:46.227 RLS_1 Обнаружена цель Бал.блок ID: 30441ab (X: 5539394 Y: 6979758), скорость: 17240.58583
06:57:48.986 RLS_1 Цель ID: ebd4b5b движется в сторону СПРО
06:57:49.626 ZRDN_1 Обнаружена цель Ракета ID: 50f0e0r (X: 3027517 Y: 5011231), скорость: 1100.84058
06:57:49.948 RLS_1 Обнаружена цель Бал.блок ID: 8026e4b (X: 5933665 Y: 4072316), скорость: 16699.91245
06:57:50.249 SPRO_1 Промах по цели ID: 'e70e6bb'
06:57:50.416 ZRDN_1 Выстрел по цели ID: '50f0e0r'
06:57:50.854 SPRO_1 Выстрел по цели ID: 'e70e6bb'
06:57:51.441 RLS_1 Обнаружена цель Бал.блок ID: f11b6eb (X: 6690264 Y: 3465592), скорость: 19877.25735
06:57:51.493 SPRO_1 Закончился боезапас
06:57:53.487 RLS_1 Обнаружена цель Бал.блок ID: a8e2cbb (X: 7514073 Y: 3561549), скорость: 17996.61412
06:57:55.014 RLS_1 Обнаружена цель Бал.блок ID: 885b93b (X: 4743840 Y: 3867920), скорость: 19825.03921
06:57:56.238 RLS_1 Обнаружена цель Бал.блок ID: 991d16b (X: 7348785 Y: 3774094), скорость: 17169.54757
06:57:57.926 RLS_1 Обнаружена цель Бал.блок ID: b5269bb (X: 5072345 Y: 4839642), скорость: 16559.75132
06:57:58.441 ZRDN_1 Цель ID: '50f0e0r' уничтожена
06:58:01.225 SPRO_1 Цель ID: 'e70e6bb' уничтожена
06:58:02.506 SPRO_1 Восполен боезапас до 20 ракет
06:58:15.586 RLS_1 Обнаружена цель Бал.блок ID: 551c00b (X: 5820600 Y: 4100550), скорость: 16668.83319
06:58:24.535 RLS_1 Обнаружена цель Бал.блок ID: cffdf0b (X: 9933785 Y: 3926970), скорость: 29375.97257
06:58:39.122 RLS_1 Обнаружена цель Бал.блок ID: 6fc629b (X: 7325232 Y: 3897480), скорость: 29199.87720
06:58:56.527 SPRO_1 Обнаружена цель Бал.блок ID: 06cf20b (X: 3709854 Y: 2322284), скорость: 8331.44387
06:58:57.057 SPRO_1 Выстрел по цели ID: '06cf20b'
06:59:06.997 SPRO_1 Цель ID: '06cf20b' уничтожена
06:59:12.788 SPRO_1 Обнаружена цель Бал.блок ID: 41310fb (X: 1469602 Y: 2968728), скорость: 9949.42696
06:59:13.278 SPRO_1 Выстрел по цели ID: '41310fb'
06:59:19.307 SPRO_1 Промах по цели ID: '41310fb'
06:59:19.784 SPRO_1 Выстрел по цели ID: '41310fb'
06:59:28.866 SPRO_1 Цель ID: '41310fb' уничтожена
06:59:31.907 RLS_1 Обнаружена цель Бал.блок ID: fc45d9b (X: 5723884 Y: 3865620), скорость: 29237.43822
06:59:38.767 RLS_1 Обнаружена цель Бал.блок ID: 2083ddb (X: 4626800 Y: 3955960), скорость: 25998.50334
06:59:51.760 RLS_1 Обнаружена цель Бал.блок ID: ea64b1b (X: 8966100 Y: 3667724), скорость: 25436.85405
07:01:24.089 RLS_1 Обнаружена цель Бал.блок ID: 9e5e5ab (X: 8300020 Y: 4063955), скорость: 17926.23474
