06:57:40.025 ZRDN_3 2 2
06:57:46.132 ZRDN_3 2 2
06:57:51.995 ZRDN_3 2 2
06:57:57.908 ZRDN_3 2 2
06:58:03.689 ZRDN_3 2 2
06:58:09.867 ZRDN_3 2 2
06:58:15.777 ZRDN_3 2 2
06:58:21.670 ZRDN_3 2 2
06:58:27.217 ZRDN_3 2 2
06:58:33.349 ZRDN_3 2 2
06:58:39.033 ZRDN_3 2 2
06:58:45.163 ZRDN_3 2 2
06:58:50.866 ZRDN_3 2 2
06:58:56.852 ZRDN_3 2 2
06:59:02.786 ZRDN_3 2 2
06:59:08.581 ZRDN_3 2 2
06:59:14.429 ZRDN_3 2 2
06:59:20.096 ZRDN_3 2 2
06:59:25.865 ZRDN_3 2 2
06:59:32.055 ZRDN_3 2 2
06:59:37.624 ZRDN_3 2 2
06:59:43.485 ZRDN_3 2 2
06:59:49.550 ZRDN_3 2 2
06:59:55.447 ZRDN_3 2 2
07:00:01.654 ZRDN_3 2 2
07:00:07.325 ZRDN_3 2 2
07:00:13.035 ZRDN_3 2 2
07:00:18.442 ZRDN_3 2 2
07:00:24.543 ZRDN_3 2 2
07:00:30.475 ZRDN_3 2 2
07:00:36.485 ZRDN_3 2 2
07:00:42.648 ZRDN_3 2 2
07:00:48.737 ZRDN_3 2 2
07:00:54.499 ZRDN_3 2 2
07:01:00.482 ZRDN_3 2 2
07:01:06.852 ZRDN_3 2 2
07:01:12.754 ZRDN_3 2 2
07:01:18.403 ZRDN_3 2 2
07:01:24.289 ZRDN_3 2 2
07:01:30.774 ZRDN_3 2 2
07:01:36.956 ZRDN_3 2 2
