06:57:40.016 ZRDN_2 2 2
06:57:46.208 ZRDN_2 2 2
06:57:52.029 ZRDN_2 2 2
06:57:57.880 ZRDN_2 2 2
06:58:03.808 ZRDN_2 2 2
06:58:09.873 ZRDN_2 2 2
06:58:15.536 ZRDN_2 2 2
06:58:21.647 ZRDN_2 2 2
06:58:27.383 ZRDN_2 2 2
06:58:33.263 ZRDN_2 2 2
06:58:39.146 ZRDN_2 2 2
06:58:45.107 ZRDN_2 2 2
06:58:50.910 ZRDN_2 2 2
06:58:56.761 ZRDN_2 2 2
06:59:02.777 ZRDN_2 2 2
06:59:08.591 ZRDN_2 2 2
06:59:14.435 ZRDN_2 2 2
06:59:20.258 ZRDN_2 2 2
06:59:25.760 ZRDN_2 2 2
06:59:32.035 ZRDN_2 2 2
06:59:37.592 ZRDN_2 2 2
06:59:43.649 ZRDN_2 2 2
06:59:49.389 ZRDN_2 2 2
06:59:55.440 ZRDN_2 2 2
07:00:01.726 ZRDN_2 2 2
07:00:07.390 ZRDN_2 2 2
07:00:12.995 ZRDN_2 2 2
07:00:18.460 ZRDN_2 2 2
07:00:24.524 ZRDN_2 2 2
07:00:30.502 ZRDN_2 2 2
07:00:36.320 ZRDN_2 2 2
07:00:42.413 ZRDN_2 2 2
07:00:48.416 ZRDN_2 2 2
07:00:54.354 ZRDN_2 2 2
07:01:00.611 ZRDN_2 2 2
07:01:06.748 ZRDN_2 2 2
07:01:12.440 ZRDN_2 2 2
07:01:18.269 ZRDN_2 2 2
07:01:24.316 ZRDN_2 2 2
07:01:30.743 ZRDN_2 2 2
07:01:36.955 ZRDN_2 2 2
